<?xml version="1.0" encoding="UTF-8"?>
<!-- Generated by org.testng.reporters.JUnitXMLReporter -->
<testsuite hostname="VADIMSN" name="Default test" tests="11" failures="0" timestamp="20 Mar 2017 12:35:35 GMT" time="2.081" errors="0">
  <testcase name="testEmptyTaskManager" time="0.0" classname="com.tests.NewTest"/>
  <testcase name="testInsertSameTask" time="0.01" classname="com.tests.NewTest"/>
  <testcase name="testOneElementTaskManager" time="0.0" classname="com.tests.NewTest"/>
  <testcase name="testTaskGetters" time="0.0" classname="com.tests.NewTest"/>
  <testcase name="testTaskManagerAddReoccurenceTaskPriority1" time="0.01" classname="com.tests.NewTest"/>
  <testcase name="testTaskManagerAddReoccurenceTaskPriority2" time="0.0" classname="com.tests.NewTest"/>
  <testcase name="testTaskManagerAddReoccurenceTaskPriority3" time="0.01" classname="com.tests.NewTest"/>
  <testcase name="testTaskRun" time="1.005" classname="com.tests.NewTest"/>
  <testcase name="testTaskRunNoTaskManager" time="1.006" classname="com.tests.NewTest"/>
  <testcase name="testTaskSetters" time="0.0" classname="com.tests.NewTest"/>
  <testcase name="testTaskToString" time="0.0" classname="com.tests.NewTest"/>
</testsuite> <!-- Default test -->
